 09:48:29.073 [main]  INFO  scouterx.webapp.main.WebAppMain[270] - scouter webapp starting! Run-Mode:StandAlone
 09:48:29.282 [main]  INFO  s.w.framework.client.net.TcpProxy[58] - TcpProxy created : pool-size:0, scouterx.webapp.framework.client.net.TcpProxy@433d61fb
 09:48:29.332 [main]  INFO  s.w.framework.client.net.ClientTCP[62] - Connected scouterx.webapp.framework.client.net.ClientTCP@9225652 to scouterscouter-server.marathon.l4lb.thisdcos.directory:6100
 09:48:29.373 [main]  INFO  s.w.framework.client.net.TcpProxy[110] - TcpProxy closed : pool-size:0, scouterx.webapp.framework.client.net.TcpProxy@433d61fb, stack:
 09:48:29.409 [main]  INFO  s.w.framework.client.net.TcpProxy[58] - TcpProxy created : pool-size:0, scouterx.webapp.framework.client.net.TcpProxy@7a69b07
 09:48:29.410 [main]  INFO  s.w.framework.client.net.TcpProxy[58] - TcpProxy created : pool-size:1, scouterx.webapp.framework.client.net.TcpProxy@5e82df6a
 09:48:29.410 [main]  INFO  s.w.framework.client.net.TcpProxy[58] - TcpProxy created : pool-size:2, scouterx.webapp.framework.client.net.TcpProxy@3f197a46
 09:48:29.410 [main]  INFO  s.w.framework.client.net.TcpProxy[58] - TcpProxy created : pool-size:3, scouterx.webapp.framework.client.net.TcpProxy@636be97c
 09:48:29.410 [main]  INFO  s.w.framework.client.net.TcpProxy[58] - TcpProxy created : pool-size:4, scouterx.webapp.framework.client.net.TcpProxy@50a638b5
 09:48:29.411 [main]  INFO  s.w.framework.client.net.TcpProxy[58] - TcpProxy created : pool-size:5, scouterx.webapp.framework.client.net.TcpProxy@1817d444
 09:48:29.447 [main]  INFO  s.w.framework.client.net.ClientTCP[62] - Connected scouterx.webapp.framework.client.net.ClientTCP@3911c2a7 to scouterscouter-server.marathon.l4lb.thisdcos.directory:6100
 09:48:29.506 [main]  INFO  scouterx.webapp.main.WebAppMain[223] - Successfully log in to scouterscouter-server.marathon.l4lb.thisdcos.directory:6100
 09:48:29.569 [main]  INFO  org.eclipse.jetty.util.log[192] - Logging initialized @2036ms to org.eclipse.jetty.util.log.Slf4jLog
 09:48:29.595 [scouterx.webapp.framework.client.model.AgentModelThread]  INFO  s.w.framework.client.net.ClientTCP[62] - Connected scouterx.webapp.framework.client.net.ClientTCP@7bdf01ff to scouterscouter-server.marathon.l4lb.thisdcos.directory:6100
 09:48:29.801 [scouterx.webapp.framework.client.model.AgentModelThread]  INFO  s.w.framework.client.net.ClientTCP[62] - Connected scouterx.webapp.framework.client.net.ClientTCP@71276a8f to scouterscouter-server.marathon.l4lb.thisdcos.directory:6100
 09:48:29.885 [main]  INFO  org.eclipse.jetty.server.Server[372] - jetty-9.4.6.v20170531
 09:48:29.957 [main]  INFO  o.e.j.server.AbstractNCSARequestLog[230] - Opened /scouter/webapp/logs/http-request-2019_09_26.log
 09:48:29.965 [main]  INFO  org.eclipse.jetty.server.session[364] - DefaultSessionIdManager workerName=node0
 09:48:29.965 [main]  INFO  org.eclipse.jetty.server.session[369] - No SessionScavenger set, using defaults
 09:48:29.967 [main]  INFO  org.eclipse.jetty.server.session[149] - Scavenging every 660000ms
 09:48:30.205 [XLogThread-scouterscouter-server.marathon.l4lb.thisdcos.directory:6100-0]  INFO  s.w.framework.client.net.ClientTCP[62] - Connected scouterx.webapp.framework.client.net.ClientTCP@28f22ce1 to scouterscouter-server.marathon.l4lb.thisdcos.directory:6100
 09:48:31.124 [scouterx.webapp.framework.client.server.ServerManager]  INFO  s.w.framework.client.net.ClientTCP[62] - Connected scouterx.webapp.framework.client.net.ClientTCP@2fc36363 to scouterscouter-server.marathon.l4lb.thisdcos.directory:6100
 09:48:31.313 [XLogThread-scouterscouter-server.marathon.l4lb.thisdcos.directory:6100-0]  INFO  s.w.framework.client.net.ClientTCP[62] - Connected scouterx.webapp.framework.client.net.ClientTCP@74ab3554 to scouterscouter-server.marathon.l4lb.thisdcos.directory:6100
 09:48:32.263 [main]  INFO  o.h.validator.internal.util.Version[27] - HV000001: Hibernate Validator 5.1.3.Final
 09:48:33.467 [main]  INFO  o.e.j.server.handler.ContextHandler[788] - Started o.e.j.s.ServletContextHandler@6d6d480c{/,null,AVAILABLE}
 09:48:33.476 [main]  INFO  o.e.jetty.server.AbstractConnector[280] - Started ServerConnector@4997552e{HTTP/1.1,[http/1.1]}{0.0.0.0:6188}
 09:48:33.477 [main]  INFO  org.eclipse.jetty.server.Server[444] - Started @5944ms
